<?xml version="1.0" encoding="UTF-8"?>
<!-- Generated by org.testng.reporters.JUnitXMLReporter -->
<testsuite ignored="0" hostname="DESKTOP-OLMI7T4" failures="0" tests="4" name="Test" time="51.716" errors="0" timestamp="2024-11-05T02:22:22 WAT">
  <testcase classname="test.OrangeHRMTest" name="sampleCase" time="0.038"/>
  <testcase classname="test.OrangeHRMTest" name="loginPageTest" time="1.617"/>
  <testcase classname="test.OrangeHRMTest" name="loginTest" time="4.278"/>
  <testcase classname="test.OrangeHRMTest" name="verifyForgotPassword" time="1.404"/>
</testsuite> <!-- Test -->
