<?xml version="1.0" encoding="UTF-8"?>
<testng-results ignored="0" total="3" passed="3" failed="0" skipped="0">
  <reporter-output>
  </reporter-output>
  <suite started-at="2024-11-03T15:43:49 WAT" name="Suite" finished-at="2024-11-03T15:44:20 WAT" duration-ms="30849">
    <groups>
    </groups>
    <test started-at="2024-11-03T15:43:49 WAT" name="Test" finished-at="2024-11-03T15:44:20 WAT" duration-ms="30849">
      <class name="base.SampleTest">
        <test-method is-config="true" signature="setup()[pri:0, instance:base.SampleTest@77fbd92c]" started-at="2024-11-03T15:43:49 WAT" name="setup" finished-at="2024-11-03T15:44:01 WAT" duration-ms="11073" status="PASS">
          <reporter-output>
          </reporter-output>
        </test-method> <!-- setup -->
        <test-method signature="testCase1()[pri:0, instance:base.SampleTest@77fbd92c]" started-at="2024-11-03T15:44:01 WAT" name="testCase1" finished-at="2024-11-03T15:44:01 WAT" duration-ms="14" status="PASS">
          <reporter-output>
          </reporter-output>
        </test-method> <!-- testCase1 -->
        <test-method is-config="true" signature="tearDown()[pri:0, instance:base.SampleTest@77fbd92c]" started-at="2024-11-03T15:44:01 WAT" name="tearDown" finished-at="2024-11-03T15:44:02 WAT" duration-ms="1238" status="PASS">
          <reporter-output>
          </reporter-output>
        </test-method> <!-- tearDown -->
        <test-method is-config="true" signature="setup()[pri:0, instance:base.SampleTest@77fbd92c]" started-at="2024-11-03T15:44:02 WAT" name="setup" finished-at="2024-11-03T15:44:10 WAT" duration-ms="7853" status="PASS">
          <reporter-output>
          </reporter-output>
        </test-method> <!-- setup -->
        <test-method signature="testCase2()[pri:0, instance:base.SampleTest@77fbd92c]" started-at="2024-11-03T15:44:10 WAT" name="testCase2" finished-at="2024-11-03T15:44:10 WAT" duration-ms="5" status="PASS">
          <reporter-output>
          </reporter-output>
        </test-method> <!-- testCase2 -->
        <test-method is-config="true" signature="tearDown()[pri:0, instance:base.SampleTest@77fbd92c]" started-at="2024-11-03T15:44:10 WAT" name="tearDown" finished-at="2024-11-03T15:44:11 WAT" duration-ms="1104" status="PASS">
          <reporter-output>
          </reporter-output>
        </test-method> <!-- tearDown -->
        <test-method is-config="true" signature="setup()[pri:0, instance:base.SampleTest@77fbd92c]" started-at="2024-11-03T15:44:11 WAT" name="setup" finished-at="2024-11-03T15:44:19 WAT" duration-ms="8280" status="PASS">
          <reporter-output>
          </reporter-output>
        </test-method> <!-- setup -->
        <test-method signature="testCase3()[pri:0, instance:base.SampleTest@77fbd92c]" started-at="2024-11-03T15:44:19 WAT" name="testCase3" finished-at="2024-11-03T15:44:19 WAT" duration-ms="1" status="PASS">
          <reporter-output>
          </reporter-output>
        </test-method> <!-- testCase3 -->
        <test-method is-config="true" signature="tearDown()[pri:0, instance:base.SampleTest@77fbd92c]" started-at="2024-11-03T15:44:19 WAT" name="tearDown" finished-at="2024-11-03T15:44:20 WAT" duration-ms="1201" status="PASS">
          <reporter-output>
          </reporter-output>
        </test-method> <!-- tearDown -->
      </class> <!-- base.SampleTest -->
    </test> <!-- Test -->
  </suite> <!-- Suite -->
</testng-results>
