<?xml version="1.0" encoding="UTF-8"?>
<testng-results ignored="0" total="3" passed="3" failed="0" skipped="0">
  <reporter-output>
  </reporter-output>
  <suite started-at="2024-11-03T16:23:36 WAT" name="Suite" finished-at="2024-11-03T16:24:03 WAT" duration-ms="26902">
    <groups>
    </groups>
    <test started-at="2024-11-03T16:23:36 WAT" name="Test" finished-at="2024-11-03T16:24:03 WAT" duration-ms="26902">
      <class name="base.SampleTest">
        <test-method is-config="true" signature="setup()[pri:0, instance:base.SampleTest@515aebb0]" started-at="2024-11-03T16:23:36 WAT" name="setup" finished-at="2024-11-03T16:23:46 WAT" duration-ms="9652" status="PASS">
          <reporter-output>
          </reporter-output>
        </test-method> <!-- setup -->
        <test-method signature="testCase1()[pri:1, instance:base.SampleTest@515aebb0]" started-at="2024-11-03T16:23:46 WAT" name="testCase1" finished-at="2024-11-03T16:23:46 WAT" duration-ms="7" status="PASS">
          <reporter-output>
          </reporter-output>
        </test-method> <!-- testCase1 -->
        <test-method is-config="true" signature="tearDown()[pri:0, instance:base.SampleTest@515aebb0]" started-at="2024-11-03T16:23:46 WAT" name="tearDown" finished-at="2024-11-03T16:23:46 WAT" duration-ms="184" status="PASS">
          <reporter-output>
          </reporter-output>
        </test-method> <!-- tearDown -->
        <test-method is-config="true" signature="setup()[pri:0, instance:base.SampleTest@515aebb0]" started-at="2024-11-03T16:23:46 WAT" name="setup" finished-at="2024-11-03T16:23:54 WAT" duration-ms="7997" status="PASS">
          <reporter-output>
          </reporter-output>
        </test-method> <!-- setup -->
        <test-method signature="testCase2()[pri:2, instance:base.SampleTest@515aebb0]" started-at="2024-11-03T16:23:54 WAT" name="testCase2" finished-at="2024-11-03T16:23:54 WAT" duration-ms="1" status="PASS">
          <reporter-output>
          </reporter-output>
        </test-method> <!-- testCase2 -->
        <test-method is-config="true" signature="tearDown()[pri:0, instance:base.SampleTest@515aebb0]" started-at="2024-11-03T16:23:54 WAT" name="tearDown" finished-at="2024-11-03T16:23:54 WAT" duration-ms="408" status="PASS">
          <reporter-output>
          </reporter-output>
        </test-method> <!-- tearDown -->
        <test-method is-config="true" signature="setup()[pri:0, instance:base.SampleTest@515aebb0]" started-at="2024-11-03T16:23:54 WAT" name="setup" finished-at="2024-11-03T16:24:02 WAT" duration-ms="8338" status="PASS">
          <reporter-output>
          </reporter-output>
        </test-method> <!-- setup -->
        <test-method signature="testCase3()[pri:3, instance:base.SampleTest@515aebb0]" started-at="2024-11-03T16:24:02 WAT" name="testCase3" finished-at="2024-11-03T16:24:02 WAT" duration-ms="1" status="PASS">
          <reporter-output>
          </reporter-output>
        </test-method> <!-- testCase3 -->
        <test-method is-config="true" signature="tearDown()[pri:0, instance:base.SampleTest@515aebb0]" started-at="2024-11-03T16:24:02 WAT" name="tearDown" finished-at="2024-11-03T16:24:03 WAT" duration-ms="217" status="PASS">
          <reporter-output>
          </reporter-output>
        </test-method> <!-- tearDown -->
      </class> <!-- base.SampleTest -->
    </test> <!-- Test -->
  </suite> <!-- Suite -->
</testng-results>
